{"uid":"e3aa7582b020aa49","name":"Create an account","fullName":"src/test/java/features/SignUp.feature:2","historyId":"419385ad7a4d46d7e4d0af5148a95dd7","time":{"start":1707743518924,"stop":1707743535451,"duration":16527},"status":"broken","statusMessage":"element click intercepted: Element <button type=\"submit\" title=\"Search\" class=\"action search\" aria-label=\"Search\" disabled=\"\">...</button> is not clickable at point (1326, 16). Other element would receive the click: <input id=\"search\" type=\"text\" name=\"q\" value=\"\" placeholder=\"Search entire store here...\" class=\"input-text\" maxlength=\"128\" role=\"combobox\" aria-haspopup=\"false\" aria-autocomplete=\"both\" autocomplete=\"off\" aria-expanded=\"false\">\n  (Session info: chrome=121.0.6167.161)\nBuild info: version: '4.17.0', revision: 'e52b1be057*'\nSystem info: os.name: 'Windows 10', os.arch: 'amd64', os.version: '10.0', java.version: '17.0.5'\nDriver info: org.openqa.selenium.chrome.ChromeDriver\nCommand: [2448819c01a22a3263499427cb60080e, clickElement {id=6AD890032C397288B7969CC5F68220AD_element_63}]\nCapabilities {acceptInsecureCerts: false, browserName: chrome, browserVersion: 121.0.6167.161, chrome: {chromedriverVersion: 121.0.6167.85 (3f98d690ad7e..., userDataDir: C:\\Users\\KHALED~1\\AppData\\L...}, fedcm:accounts: true, goog:chromeOptions: {debuggerAddress: localhost:58547}, networkConnectionEnabled: false, pageLoadStrategy: normal, platformName: windows, proxy: Proxy(), se:cdp: ws://localhost:58547/devtoo..., se:cdpVersion: 121.0.6167.161, setWindowRect: true, strictFileInteractability: false, timeouts: {implicit: 0, pageLoad: 300000, script: 30000}, unhandledPromptBehavior: dismiss and notify, webauthn:extension:credBlob: true, webauthn:extension:largeBlob: true, webauthn:extension:minPinLength: true, webauthn:extension:prf: true, webauthn:virtualAuthenticators: true}\nElement: [[ChromeDriver: chrome on windows (2448819c01a22a3263499427cb60080e)] -> xpath: //button[@type='submit']]\nSession ID: 2448819c01a22a3263499427cb60080e","statusTrace":"org.openqa.selenium.ElementClickInterceptedException: element click intercepted: Element <button type=\"submit\" title=\"Search\" class=\"action search\" aria-label=\"Search\" disabled=\"\">...</button> is not clickable at point (1326, 16). Other element would receive the click: <input id=\"search\" type=\"text\" name=\"q\" value=\"\" placeholder=\"Search entire store here...\" class=\"input-text\" maxlength=\"128\" role=\"combobox\" aria-haspopup=\"false\" aria-autocomplete=\"both\" autocomplete=\"off\" aria-expanded=\"false\">\n  (Session info: chrome=121.0.6167.161)\nBuild info: version: '4.17.0', revision: 'e52b1be057*'\nSystem info: os.name: 'Windows 10', os.arch: 'amd64', os.version: '10.0', java.version: '17.0.5'\nDriver info: org.openqa.selenium.chrome.ChromeDriver\nCommand: [2448819c01a22a3263499427cb60080e, clickElement {id=6AD890032C397288B7969CC5F68220AD_element_63}]\nCapabilities {acceptInsecureCerts: false, browserName: chrome, browserVersion: 121.0.6167.161, chrome: {chromedriverVersion: 121.0.6167.85 (3f98d690ad7e..., userDataDir: C:\\Users\\KHALED~1\\AppData\\L...}, fedcm:accounts: true, goog:chromeOptions: {debuggerAddress: localhost:58547}, networkConnectionEnabled: false, pageLoadStrategy: normal, platformName: windows, proxy: Proxy(), se:cdp: ws://localhost:58547/devtoo..., se:cdpVersion: 121.0.6167.161, setWindowRect: true, strictFileInteractability: false, timeouts: {implicit: 0, pageLoad: 300000, script: 30000}, unhandledPromptBehavior: dismiss and notify, webauthn:extension:credBlob: true, webauthn:extension:largeBlob: true, webauthn:extension:minPinLength: true, webauthn:extension:prf: true, webauthn:virtualAuthenticators: true}\nElement: [[ChromeDriver: chrome on windows (2448819c01a22a3263499427cb60080e)] -> xpath: //button[@type='submit']]\nSession ID: 2448819c01a22a3263499427cb60080e\r\n\tat java.base/jdk.internal.reflect.NativeConstructorAccessorImpl.newInstance0(Native Method)\r\n\tat java.base/jdk.internal.reflect.NativeConstructorAccessorImpl.newInstance(NativeConstructorAccessorImpl.java:77)\r\n\tat java.base/jdk.internal.reflect.DelegatingConstructorAccessorImpl.newInstance(DelegatingConstructorAccessorImpl.java:45)\r\n\tat java.base/java.lang.reflect.Constructor.newInstanceWithCaller(Constructor.java:499)\r\n\tat java.base/java.lang.reflect.Constructor.newInstance(Constructor.java:480)\r\n\tat org.openqa.selenium.remote.codec.w3c.W3CHttpResponseCodec.createException(W3CHttpResponseCodec.java:185)\r\n\tat org.openqa.selenium.remote.codec.w3c.W3CHttpResponseCodec.decode(W3CHttpResponseCodec.java:134)\r\n\tat org.openqa.selenium.remote.codec.w3c.W3CHttpResponseCodec.decode(W3CHttpResponseCodec.java:51)\r\n\tat org.openqa.selenium.remote.HttpCommandExecutor.execute(HttpCommandExecutor.java:190)\r\n\tat org.openqa.selenium.remote.service.DriverCommandExecutor.invokeExecute(DriverCommandExecutor.java:216)\r\n\tat org.openqa.selenium.remote.service.DriverCommandExecutor.execute(DriverCommandExecutor.java:174)\r\n\tat org.openqa.selenium.remote.RemoteWebDriver.execute(RemoteWebDriver.java:519)\r\n\tat org.openqa.selenium.remote.RemoteWebElement.execute(RemoteWebElement.java:223)\r\n\tat org.openqa.selenium.remote.RemoteWebElement.click(RemoteWebElement.java:76)\r\n\tat java.base/jdk.internal.reflect.NativeMethodAccessorImpl.invoke0(Native Method)\r\n\tat java.base/jdk.internal.reflect.NativeMethodAccessorImpl.invoke(NativeMethodAccessorImpl.java:77)\r\n\tat java.base/jdk.internal.reflect.DelegatingMethodAccessorImpl.invoke(DelegatingMethodAccessorImpl.java:43)\r\n\tat java.base/java.lang.reflect.Method.invoke(Method.java:568)\r\n\tat org.openqa.selenium.support.pagefactory.internal.LocatingElementHandler.invoke(LocatingElementHandler.java:51)\r\n\tat jdk.proxy2/jdk.proxy2.$Proxy22.click(Unknown Source)\r\n\tat com.MagentoLuna.Pages.SignUpPage.performSignUp(SignUpPage.java:25)\r\n\tat steps.SignUpSteps.user_fill_the_credential_and_click_on_create_an_account_button(SignUpSteps.java:19)\r\n\tat ✽.User fill the credential and click on create an Account button(file:///C:/Users/KhaledBEDOUI/IdeaProjects/MagentoLuma/src/test/java/features/SignUp.feature:4)\r\n","flaky":false,"newFailed":false,"newBroken":false,"newPassed":false,"retriesCount":0,"retriesStatusChange":false,"beforeStages":[{"name":"steps.Hooks.BeforeALlMethode()","time":{"start":1707743518926,"stop":1707743518928,"duration":2},"status":"passed","steps":[],"attachments":[],"parameters":[],"shouldDisplayMessage":false,"stepsCount":0,"attachmentsCount":0,"hasContent":false,"attachmentStep":false}],"testStage":{"status":"broken","statusMessage":"element click intercepted: Element <button type=\"submit\" title=\"Search\" class=\"action search\" aria-label=\"Search\" disabled=\"\">...</button> is not clickable at point (1326, 16). Other element would receive the click: <input id=\"search\" type=\"text\" name=\"q\" value=\"\" placeholder=\"Search entire store here...\" class=\"input-text\" maxlength=\"128\" role=\"combobox\" aria-haspopup=\"false\" aria-autocomplete=\"both\" autocomplete=\"off\" aria-expanded=\"false\">\n  (Session info: chrome=121.0.6167.161)\nBuild info: version: '4.17.0', revision: 'e52b1be057*'\nSystem info: os.name: 'Windows 10', os.arch: 'amd64', os.version: '10.0', java.version: '17.0.5'\nDriver info: org.openqa.selenium.chrome.ChromeDriver\nCommand: [2448819c01a22a3263499427cb60080e, clickElement {id=6AD890032C397288B7969CC5F68220AD_element_63}]\nCapabilities {acceptInsecureCerts: false, browserName: chrome, browserVersion: 121.0.6167.161, chrome: {chromedriverVersion: 121.0.6167.85 (3f98d690ad7e..., userDataDir: C:\\Users\\KHALED~1\\AppData\\L...}, fedcm:accounts: true, goog:chromeOptions: {debuggerAddress: localhost:58547}, networkConnectionEnabled: false, pageLoadStrategy: normal, platformName: windows, proxy: Proxy(), se:cdp: ws://localhost:58547/devtoo..., se:cdpVersion: 121.0.6167.161, setWindowRect: true, strictFileInteractability: false, timeouts: {implicit: 0, pageLoad: 300000, script: 30000}, unhandledPromptBehavior: dismiss and notify, webauthn:extension:credBlob: true, webauthn:extension:largeBlob: true, webauthn:extension:minPinLength: true, webauthn:extension:prf: true, webauthn:virtualAuthenticators: true}\nElement: [[ChromeDriver: chrome on windows (2448819c01a22a3263499427cb60080e)] -> xpath: //button[@type='submit']]\nSession ID: 2448819c01a22a3263499427cb60080e","statusTrace":"org.openqa.selenium.ElementClickInterceptedException: element click intercepted: Element <button type=\"submit\" title=\"Search\" class=\"action search\" aria-label=\"Search\" disabled=\"\">...</button> is not clickable at point (1326, 16). Other element would receive the click: <input id=\"search\" type=\"text\" name=\"q\" value=\"\" placeholder=\"Search entire store here...\" class=\"input-text\" maxlength=\"128\" role=\"combobox\" aria-haspopup=\"false\" aria-autocomplete=\"both\" autocomplete=\"off\" aria-expanded=\"false\">\n  (Session info: chrome=121.0.6167.161)\nBuild info: version: '4.17.0', revision: 'e52b1be057*'\nSystem info: os.name: 'Windows 10', os.arch: 'amd64', os.version: '10.0', java.version: '17.0.5'\nDriver info: org.openqa.selenium.chrome.ChromeDriver\nCommand: [2448819c01a22a3263499427cb60080e, clickElement {id=6AD890032C397288B7969CC5F68220AD_element_63}]\nCapabilities {acceptInsecureCerts: false, browserName: chrome, browserVersion: 121.0.6167.161, chrome: {chromedriverVersion: 121.0.6167.85 (3f98d690ad7e..., userDataDir: C:\\Users\\KHALED~1\\AppData\\L...}, fedcm:accounts: true, goog:chromeOptions: {debuggerAddress: localhost:58547}, networkConnectionEnabled: false, pageLoadStrategy: normal, platformName: windows, proxy: Proxy(), se:cdp: ws://localhost:58547/devtoo..., se:cdpVersion: 121.0.6167.161, setWindowRect: true, strictFileInteractability: false, timeouts: {implicit: 0, pageLoad: 300000, script: 30000}, unhandledPromptBehavior: dismiss and notify, webauthn:extension:credBlob: true, webauthn:extension:largeBlob: true, webauthn:extension:minPinLength: true, webauthn:extension:prf: true, webauthn:virtualAuthenticators: true}\nElement: [[ChromeDriver: chrome on windows (2448819c01a22a3263499427cb60080e)] -> xpath: //button[@type='submit']]\nSession ID: 2448819c01a22a3263499427cb60080e\r\n\tat java.base/jdk.internal.reflect.NativeConstructorAccessorImpl.newInstance0(Native Method)\r\n\tat java.base/jdk.internal.reflect.NativeConstructorAccessorImpl.newInstance(NativeConstructorAccessorImpl.java:77)\r\n\tat java.base/jdk.internal.reflect.DelegatingConstructorAccessorImpl.newInstance(DelegatingConstructorAccessorImpl.java:45)\r\n\tat java.base/java.lang.reflect.Constructor.newInstanceWithCaller(Constructor.java:499)\r\n\tat java.base/java.lang.reflect.Constructor.newInstance(Constructor.java:480)\r\n\tat org.openqa.selenium.remote.codec.w3c.W3CHttpResponseCodec.createException(W3CHttpResponseCodec.java:185)\r\n\tat org.openqa.selenium.remote.codec.w3c.W3CHttpResponseCodec.decode(W3CHttpResponseCodec.java:134)\r\n\tat org.openqa.selenium.remote.codec.w3c.W3CHttpResponseCodec.decode(W3CHttpResponseCodec.java:51)\r\n\tat org.openqa.selenium.remote.HttpCommandExecutor.execute(HttpCommandExecutor.java:190)\r\n\tat org.openqa.selenium.remote.service.DriverCommandExecutor.invokeExecute(DriverCommandExecutor.java:216)\r\n\tat org.openqa.selenium.remote.service.DriverCommandExecutor.execute(DriverCommandExecutor.java:174)\r\n\tat org.openqa.selenium.remote.RemoteWebDriver.execute(RemoteWebDriver.java:519)\r\n\tat org.openqa.selenium.remote.RemoteWebElement.execute(RemoteWebElement.java:223)\r\n\tat org.openqa.selenium.remote.RemoteWebElement.click(RemoteWebElement.java:76)\r\n\tat java.base/jdk.internal.reflect.NativeMethodAccessorImpl.invoke0(Native Method)\r\n\tat java.base/jdk.internal.reflect.NativeMethodAccessorImpl.invoke(NativeMethodAccessorImpl.java:77)\r\n\tat java.base/jdk.internal.reflect.DelegatingMethodAccessorImpl.invoke(DelegatingMethodAccessorImpl.java:43)\r\n\tat java.base/java.lang.reflect.Method.invoke(Method.java:568)\r\n\tat org.openqa.selenium.support.pagefactory.internal.LocatingElementHandler.invoke(LocatingElementHandler.java:51)\r\n\tat jdk.proxy2/jdk.proxy2.$Proxy22.click(Unknown Source)\r\n\tat com.MagentoLuna.Pages.SignUpPage.performSignUp(SignUpPage.java:25)\r\n\tat steps.SignUpSteps.user_fill_the_credential_and_click_on_create_an_account_button(SignUpSteps.java:19)\r\n\tat ✽.User fill the credential and click on create an Account button(file:///C:/Users/KhaledBEDOUI/IdeaProjects/MagentoLuma/src/test/java/features/SignUp.feature:4)\r\n","steps":[{"name":"Given  User open the browser","time":{"start":1707743518929,"stop":1707743522043,"duration":3114},"status":"passed","steps":[],"attachments":[],"parameters":[],"shouldDisplayMessage":false,"stepsCount":0,"attachmentsCount":0,"hasContent":false,"attachmentStep":false},{"name":"When  User fill the credential and click on create an Account button","time":{"start":1707743522044,"stop":1707743534947,"duration":12903},"status":"broken","statusMessage":"element click intercepted: Element <button type=\"submit\" title=\"Search\" class=\"action search\" aria-label=\"Search\" disabled=\"\">...</button> is not clickable at point (1326, 16). Other element would receive the click: <input id=\"search\" type=\"text\" name=\"q\" value=\"\" placeholder=\"Search entire store here...\" class=\"input-text\" maxlength=\"128\" role=\"combobox\" aria-haspopup=\"false\" aria-autocomplete=\"both\" autocomplete=\"off\" aria-expanded=\"false\">\n  (Session info: chrome=121.0.6167.161)\nBuild info: version: '4.17.0', revision: 'e52b1be057*'\nSystem info: os.name: 'Windows 10', os.arch: 'amd64', os.version: '10.0', java.version: '17.0.5'\nDriver info: org.openqa.selenium.chrome.ChromeDriver\nCommand: [2448819c01a22a3263499427cb60080e, clickElement {id=6AD890032C397288B7969CC5F68220AD_element_63}]\nCapabilities {acceptInsecureCerts: false, browserName: chrome, browserVersion: 121.0.6167.161, chrome: {chromedriverVersion: 121.0.6167.85 (3f98d690ad7e..., userDataDir: C:\\Users\\KHALED~1\\AppData\\L...}, fedcm:accounts: true, goog:chromeOptions: {debuggerAddress: localhost:58547}, networkConnectionEnabled: false, pageLoadStrategy: normal, platformName: windows, proxy: Proxy(), se:cdp: ws://localhost:58547/devtoo..., se:cdpVersion: 121.0.6167.161, setWindowRect: true, strictFileInteractability: false, timeouts: {implicit: 0, pageLoad: 300000, script: 30000}, unhandledPromptBehavior: dismiss and notify, webauthn:extension:credBlob: true, webauthn:extension:largeBlob: true, webauthn:extension:minPinLength: true, webauthn:extension:prf: true, webauthn:virtualAuthenticators: true}\nElement: [[ChromeDriver: chrome on windows (2448819c01a22a3263499427cb60080e)] -> xpath: //button[@type='submit']]\nSession ID: 2448819c01a22a3263499427cb60080e","statusTrace":"org.openqa.selenium.ElementClickInterceptedException: element click intercepted: Element <button type=\"submit\" title=\"Search\" class=\"action search\" aria-label=\"Search\" disabled=\"\">...</button> is not clickable at point (1326, 16). Other element would receive the click: <input id=\"search\" type=\"text\" name=\"q\" value=\"\" placeholder=\"Search entire store here...\" class=\"input-text\" maxlength=\"128\" role=\"combobox\" aria-haspopup=\"false\" aria-autocomplete=\"both\" autocomplete=\"off\" aria-expanded=\"false\">\n  (Session info: chrome=121.0.6167.161)\nBuild info: version: '4.17.0', revision: 'e52b1be057*'\nSystem info: os.name: 'Windows 10', os.arch: 'amd64', os.version: '10.0', java.version: '17.0.5'\nDriver info: org.openqa.selenium.chrome.ChromeDriver\nCommand: [2448819c01a22a3263499427cb60080e, clickElement {id=6AD890032C397288B7969CC5F68220AD_element_63}]\nCapabilities {acceptInsecureCerts: false, browserName: chrome, browserVersion: 121.0.6167.161, chrome: {chromedriverVersion: 121.0.6167.85 (3f98d690ad7e..., userDataDir: C:\\Users\\KHALED~1\\AppData\\L...}, fedcm:accounts: true, goog:chromeOptions: {debuggerAddress: localhost:58547}, networkConnectionEnabled: false, pageLoadStrategy: normal, platformName: windows, proxy: Proxy(), se:cdp: ws://localhost:58547/devtoo..., se:cdpVersion: 121.0.6167.161, setWindowRect: true, strictFileInteractability: false, timeouts: {implicit: 0, pageLoad: 300000, script: 30000}, unhandledPromptBehavior: dismiss and notify, webauthn:extension:credBlob: true, webauthn:extension:largeBlob: true, webauthn:extension:minPinLength: true, webauthn:extension:prf: true, webauthn:virtualAuthenticators: true}\nElement: [[ChromeDriver: chrome on windows (2448819c01a22a3263499427cb60080e)] -> xpath: //button[@type='submit']]\nSession ID: 2448819c01a22a3263499427cb60080e\r\n\tat java.base/jdk.internal.reflect.NativeConstructorAccessorImpl.newInstance0(Native Method)\r\n\tat java.base/jdk.internal.reflect.NativeConstructorAccessorImpl.newInstance(NativeConstructorAccessorImpl.java:77)\r\n\tat java.base/jdk.internal.reflect.DelegatingConstructorAccessorImpl.newInstance(DelegatingConstructorAccessorImpl.java:45)\r\n\tat java.base/java.lang.reflect.Constructor.newInstanceWithCaller(Constructor.java:499)\r\n\tat java.base/java.lang.reflect.Constructor.newInstance(Constructor.java:480)\r\n\tat org.openqa.selenium.remote.codec.w3c.W3CHttpResponseCodec.createException(W3CHttpResponseCodec.java:185)\r\n\tat org.openqa.selenium.remote.codec.w3c.W3CHttpResponseCodec.decode(W3CHttpResponseCodec.java:134)\r\n\tat org.openqa.selenium.remote.codec.w3c.W3CHttpResponseCodec.decode(W3CHttpResponseCodec.java:51)\r\n\tat org.openqa.selenium.remote.HttpCommandExecutor.execute(HttpCommandExecutor.java:190)\r\n\tat org.openqa.selenium.remote.service.DriverCommandExecutor.invokeExecute(DriverCommandExecutor.java:216)\r\n\tat org.openqa.selenium.remote.service.DriverCommandExecutor.execute(DriverCommandExecutor.java:174)\r\n\tat org.openqa.selenium.remote.RemoteWebDriver.execute(RemoteWebDriver.java:519)\r\n\tat org.openqa.selenium.remote.RemoteWebElement.execute(RemoteWebElement.java:223)\r\n\tat org.openqa.selenium.remote.RemoteWebElement.click(RemoteWebElement.java:76)\r\n\tat java.base/jdk.internal.reflect.NativeMethodAccessorImpl.invoke0(Native Method)\r\n\tat java.base/jdk.internal.reflect.NativeMethodAccessorImpl.invoke(NativeMethodAccessorImpl.java:77)\r\n\tat java.base/jdk.internal.reflect.DelegatingMethodAccessorImpl.invoke(DelegatingMethodAccessorImpl.java:43)\r\n\tat java.base/java.lang.reflect.Method.invoke(Method.java:568)\r\n\tat org.openqa.selenium.support.pagefactory.internal.LocatingElementHandler.invoke(LocatingElementHandler.java:51)\r\n\tat jdk.proxy2/jdk.proxy2.$Proxy22.click(Unknown Source)\r\n\tat com.MagentoLuna.Pages.SignUpPage.performSignUp(SignUpPage.java:25)\r\n\tat steps.SignUpSteps.user_fill_the_credential_and_click_on_create_an_account_button(SignUpSteps.java:19)\r\n\tat ✽.User fill the credential and click on create an Account button(file:///C:/Users/KhaledBEDOUI/IdeaProjects/MagentoLuma/src/test/java/features/SignUp.feature:4)\r\n","steps":[],"attachments":[],"parameters":[],"shouldDisplayMessage":true,"stepsCount":0,"attachmentsCount":0,"hasContent":true,"attachmentStep":false},{"name":"Then  Registration should be done","time":{"start":1707743534949,"stop":1707743534951,"duration":2},"status":"skipped","steps":[],"attachments":[],"parameters":[],"shouldDisplayMessage":false,"stepsCount":0,"attachmentsCount":0,"hasContent":false,"attachmentStep":false}],"attachments":[],"parameters":[],"shouldDisplayMessage":false,"stepsCount":3,"attachmentsCount":0,"hasContent":true,"attachmentStep":false},"afterStages":[{"name":"steps.Hooks.AfterAllMethode(io.cucumber.java.Scenario)","time":{"start":1707743534952,"stop":1707743535439,"duration":487},"status":"passed","steps":[],"attachments":[{"uid":"1043cb02dbf8037d","name":"image","source":"1043cb02dbf8037d.png","type":"image/jpeg","size":151802}],"parameters":[],"shouldDisplayMessage":false,"stepsCount":0,"attachmentsCount":1,"hasContent":true,"attachmentStep":false}],"labels":[{"name":"host","value":"DESKTOP-10F2RV2"},{"name":"thread","value":"6624@DESKTOP-10F2RV2.main(1)"},{"name":"feature","value":"SignUp Functionality"},{"name":"story","value":"Create an account"},{"name":"suite","value":"SignUp Functionality"},{"name":"testClass","value":"Create an account"},{"name":"framework","value":"cucumber4jvm"},{"name":"language","value":"java"},{"name":"gherkin_uri","value":"file:///C:/Users/KhaledBEDOUI/IdeaProjects/MagentoLuma/src/test/java/features/SignUp.feature"},{"name":"package","value":"src.test.java.features.SignUp_feature.SignUp Functionality"},{"name":"resultFormat","value":"allure2"}],"parameters":[],"links":[],"hidden":true,"retry":true,"extra":{"categories":[],"tags":[]},"source":"e3aa7582b020aa49.json","parameterValues":[]}